<?xml version="1.0" encoding="UTF-8"?>
<testsuite name="TActionTest" tests="1" skipped="0" failures="0" errors="0" timestamp="2020-05-04T09:41:28" hostname="yames" time="0.0">
  <properties/>
  <testcase name="factory()" classname="TActionTest" time="0.0"/>
  <system-out><![CDATA[]]></system-out>
  <system-err><![CDATA[]]></system-err>
</testsuite>
